<?xml version="1.0" encoding="UTF-8"?>
<testsuite name="MinesweeperSpec" tests="3" skipped="0" failures="0" errors="0" timestamp="2019-10-03T08:45:08" hostname="C02WM2UYG8WN" time="0.104">
  <properties/>
  <testcase name="minesweeper can solve for a square field" classname="MinesweeperSpec" time="0.102"/>
  <testcase name="minesweeper can solve for a wide rectangle" classname="MinesweeperSpec" time="0.001"/>
  <testcase name="minesweeper can solve for tall rectangle" classname="MinesweeperSpec" time="0.001"/>
  <system-out><![CDATA[]]></system-out>
  <system-err><![CDATA[]]></system-err>
</testsuite>
