<?xml version="1.0" encoding="UTF-8"?>
<testsuite name="MinesweeperSpec" tests="2" skipped="0" failures="1" errors="0" timestamp="2019-09-05T08:10:40" hostname="C02WM2UYG8WN" time="0.156">
  <properties/>
  <testcase name="minesweeper can solve for field" classname="MinesweeperSpec" time="0.076"/>
  <testcase name="minesweeper can solve for another field" classname="MinesweeperSpec" time="0.08">
    <failure message="Condition not satisfied:&#10;&#10;output == &quot;**100\n33200\n1*100&quot;&#10;|      |&#10;|      false&#10;|      12 differences (36% similarity)&#10;|      (01)*1(\n)0(1~11\n)00(0~0\n0)00(0)&#10;|      (*-)*1(0~)0(\n332~)00(\n1*~1)00(-)&#10;01*1&#10;0111&#10;0000&#10;0000&#10;" type="org.spockframework.runtime.SpockComparisonFailure">Condition not satisfied:

output == &quot;**100\n33200\n1*100&quot;
|      |
|      false
|      12 differences (36% similarity)
|      (01)*1(\n)0(1~11\n)00(0~0\n0)00(0)
|      (*-)*1(0~)0(\n332~)00(\n1*~1)00(-)
01*1
0111
0000
0000

	at MinesweeperSpec.minesweeper can solve for another field(MinesweeperSpec.groovy:24)
</failure>
  </testcase>
  <system-out><![CDATA[]]></system-out>
  <system-err><![CDATA[]]></system-err>
</testsuite>
